\BOOKMARK [0][-]{chapter.1}{What does it do?}{}% 1
\BOOKMARK [0][-]{chapter.2}{Users manual}{}% 2
\BOOKMARK [1][-]{section.2.1}{Editors - Create a category}{chapter.2}% 3
\BOOKMARK [1][-]{section.2.2}{Editors - Create a blogpost}{chapter.2}% 4
\BOOKMARK [1][-]{section.2.3}{Editors - Create a keyword}{chapter.2}% 5
\BOOKMARK [1][-]{section.2.4}{Editors - Edit/Inspect a comment creator}{chapter.2}% 6
\BOOKMARK [1][-]{section.2.5}{Users - Bloglist and Filter}{chapter.2}% 7
\BOOKMARK [1][-]{section.2.6}{Users - Blogpost and Comments}{chapter.2}% 8
\BOOKMARK [1][-]{section.2.7}{Users/Editors - Advanced Blog Usage}{chapter.2}% 9
\BOOKMARK [0][-]{chapter.3}{Administrator Manual}{}% 10
\BOOKMARK [1][-]{section.3.1}{Requirements}{chapter.3}% 11
\BOOKMARK [1][-]{section.3.2}{Installation}{chapter.3}% 12
\BOOKMARK [1][-]{section.3.3}{Insert plugin}{chapter.3}% 13
\BOOKMARK [0][-]{chapter.4}{Configuration Reference}{}% 14
\BOOKMARK [1][-]{section.4.1}{Minimal configuration}{chapter.4}% 15
\BOOKMARK [1][-]{section.4.2}{General configuration}{chapter.4}% 16
\BOOKMARK [0][-]{chapter.5}{Known Problems}{}% 17
\BOOKMARK [0][-]{chapter.6}{To-Do List}{}% 18
\BOOKMARK [0][-]{chapter.7}{Change Log}{}% 19
\BOOKMARK [0][-]{chapter.8}{FAQ}{}% 20
\BOOKMARK [1][-]{section.8.1}{How to change the layout/design?}{chapter.8}% 21
